<?xml version="1.0" encoding="UTF-8"?>
<!-- Generated by org.testng.reporters.JUnitXMLReporter -->
<testsuite hostname="Naveen-PC" ignored="0" name="Default test" tests="3" failures="0" timestamp="22 Jul 2018 18:56:28 GMT" time="1.314" errors="0">
  <testcase name="logintest" time="0.03" classname="com.qtpselenium.hybrid.suitea.LoginTest"/>
  <testcase name="logintest" time="0.033" classname="com.qtpselenium.hybrid.suitea.LoginTest"/>
  <testcase name="logintest" time="0.016" classname="com.qtpselenium.hybrid.suitea.LoginTest"/>
</testsuite> <!-- Default test -->
